<?xml version="1.0" encoding="UTF-8"?>
<!-- Generated by org.testng.reporters.JUnitReportReporter -->
<testsuite hostname="WKWZTmXt4QWTjFj" failures="0" tests="4" name="day3.AssertionDemo" time="0.012" errors="0" timestamp="2022-11-22T18:46:09 IST" skipped="0">
  <testcase classname="day3.AssertionDemo" name="test1" time="0.008"/>
  <system-out/>
  <testcase classname="day3.AssertionDemo" name="test3" time="0.001"/>
  <system-out/>
  <testcase classname="day3.AssertionDemo" name="test2" time="0.001"/>
  <system-out/>
  <testcase classname="day3.AssertionDemo" name="test4" time="0.002"/>
  <system-out/>
</testsuite> <!-- day3.AssertionDemo -->
