<?xml version="1.0" encoding="UTF-8"?>
<!-- Generated by org.testng.reporters.JUnitReportReporter -->
<testsuite hostname="WKWZTmXt4QWTjFj" failures="0" tests="1" name="TestNGPractice.MYFirstSeleniumScript3Test" time="1.516" errors="0" timestamp="2022-11-22T18:55:31 IST" skipped="0">
  <testcase classname="TestNGPractice.MYFirstSeleniumScript3Test" name="test11" time="1.516"/>
  <system-out/>
</testsuite> <!-- TestNGPractice.MYFirstSeleniumScript3Test -->
