<?xml version="1.0" encoding="UTF-8"?>
<!-- Generated by org.testng.reporters.JUnitReportReporter -->
<testsuite hostname="WKWZTmXt4QWTjFj" failures="0" tests="1" name="day5.FileDemo" time="17.728" errors="0" timestamp="2022-11-24T20:20:31 IST" skipped="0">
  <testcase classname="day5.FileDemo" name="upload" time="17.728"/>
  <system-out/>
</testsuite> <!-- day5.FileDemo -->
