<?xml version="1.0" encoding="UTF-8"?>
<!-- Generated by org.testng.reporters.JUnitReportReporter -->
<testsuite hostname="WKWZTmXt4QWTjFj" failures="0" tests="1" name="day5.SeleniumGridDemoMac" time="7.912" errors="0" timestamp="2022-11-24T12:07:18 IST" skipped="0">
  <testcase classname="day5.SeleniumGridDemoMac" name="test13" time="7.912"/>
  <system-out/>
</testsuite> <!-- day5.SeleniumGridDemoMac -->
