<?xml version="1.0" encoding="UTF-8"?>
<!-- Generated by org.testng.reporters.JUnitReportReporter -->
<testsuite hostname="WKWZTmXt4QWTjFj" failures="0" tests="4" name="day3.AdditiionalAttributes" time="14.154" errors="0" timestamp="2022-11-24T21:23:46 IST" skipped="1">
  <testcase classname="day3.AdditiionalAttributes" name="verifyURL" time="6.681"/>
  <system-out/>
  <testcase classname="day3.AdditiionalAttributes" name="verifyForgotPasswordLink" time="3.599"/>
  <system-out/>
  <testcase classname="day3.AdditiionalAttributes" name="verifyTitle" time="3.874"/>
  <system-out/>
  <testcase classname="day3.AdditiionalAttributes" name="verifySocialMediaCount">
    <skipped/>
  </testcase> <!-- verifySocialMediaCount -->
  <system-out/>
</testsuite> <!-- day3.AdditiionalAttributes -->
