<?xml version="1.0" encoding="UTF-8"?>
<!-- Generated by org.testng.reporters.JUnitReportReporter -->
<testsuite hostname="WKWZTmXt4QWTjFj" failures="0" tests="2" name="TestNGPractice.AssertDemo2Test" time="0.008" errors="0" timestamp="2022-11-22T18:55:31 IST" skipped="0">
  <testcase classname="TestNGPractice.AssertDemo2Test" name="test2" time="0.001"/>
  <system-out/>
  <testcase classname="TestNGPractice.AssertDemo2Test" name="test1" time="0.007"/>
  <system-out/>
</testsuite> <!-- TestNGPractice.AssertDemo2Test -->
