<?xml version="1.0" encoding="UTF-8"?>
<!-- Generated by org.testng.reporters.JUnitReportReporter -->
<testsuite hostname="WKWZTmXt4QWTjFj" failures="0" tests="4" name="TestNGPractice.AssertionDemoTest" time="0.004" errors="0" timestamp="2022-11-22T18:55:31 IST" skipped="0">
  <testcase classname="TestNGPractice.AssertionDemoTest" name="test4" time="0.002"/>
  <system-out/>
  <testcase classname="TestNGPractice.AssertionDemoTest" name="test3" time="0.002"/>
  <system-out/>
  <testcase classname="TestNGPractice.AssertionDemoTest" name="test2" time="0.000"/>
  <system-out/>
  <testcase classname="TestNGPractice.AssertionDemoTest" name="test1" time="0.000"/>
  <system-out/>
</testsuite> <!-- TestNGPractice.AssertionDemoTest -->
