<?xml version="1.0" encoding="UTF-8"?>
<!-- Generated by org.testng.reporters.JUnitReportReporter -->
<testsuite hostname="WKWZTmXt4QWTjFj" failures="0" tests="1" name="day5.HandleShadowDom" time="15.537" errors="0" timestamp="2022-11-24T21:36:45 IST" skipped="0">
  <testcase classname="day5.HandleShadowDom" name="testInHeadlessMode" time="15.537"/>
  <system-out/>
</testsuite> <!-- day5.HandleShadowDom -->
