<?xml version="1.0" encoding="UTF-8"?>
<!-- Generated by org.testng.reporters.JUnitReportReporter -->
<testsuite hostname="WKWZTmXt4QWTjFj" failures="0" tests="1" name="day5.SeleniumGridDemo" time="5.934" errors="0" timestamp="2022-11-24T10:50:12 IST" skipped="0">
  <testcase classname="day5.SeleniumGridDemo" name="test13" time="5.934"/>
  <system-out/>
</testsuite> <!-- day5.SeleniumGridDemo -->
