<?xml version="1.0" encoding="UTF-8"?>
<!-- Generated by org.testng.reporters.JUnitReportReporter -->
<testsuite hostname="WKWZTmXt4QWTjFj" failures="0" tests="7" name="TestNGPractice.SmokeTestTest" time="24.102" errors="0" timestamp="2022-11-22T18:55:31 IST" skipped="1">
  <testcase classname="TestNGPractice.SmokeTestTest" name="ValidCredentials" time="6.386"/>
  <system-out/>
  <testcase classname="TestNGPractice.SmokeTestTest" name="InavlidCredentials" time="4.420"/>
  <system-out/>
  <testcase classname="TestNGPractice.SmokeTestTest" name="verifyTitle" time="3.166"/>
  <system-out/>
  <testcase classname="TestNGPractice.SmokeTestTest" name="BlankPassword" time="3.342"/>
  <system-out/>
  <testcase classname="TestNGPractice.SmokeTestTest" name="verifyURL" time="3.150"/>
  <system-out/>
  <testcase classname="TestNGPractice.SmokeTestTest" name="BlankLogin" time="3.638"/>
  <system-out/>
  <testcase classname="TestNGPractice.SmokeTestTest" name="verifySocialMediaAccount">
    <skipped/>
  </testcase> <!-- verifySocialMediaAccount -->
  <system-out/>
</testsuite> <!-- TestNGPractice.SmokeTestTest -->
