<?xml version="1.0" encoding="UTF-8"?>
<!-- Generated by org.testng.reporters.JUnitReportReporter -->
<testsuite hostname="WKWZTmXt4QWTjFj" failures="0" tests="4" name="TestNGPractice.FirstTestNGTestTest" time="0.000" errors="0" timestamp="2022-11-22T18:55:31 IST" skipped="0">
  <testcase classname="TestNGPractice.FirstTestNGTestTest" name="deleteAccount" time="0.000"/>
  <system-out/>
  <testcase classname="TestNGPractice.FirstTestNGTestTest" name="createAccount" time="0.000"/>
  <system-out/>
  <testcase classname="TestNGPractice.FirstTestNGTestTest" name="logout" time="0.000"/>
  <system-out/>
  <testcase classname="TestNGPractice.FirstTestNGTestTest" name="login" time="0.000"/>
  <system-out/>
</testsuite> <!-- TestNGPractice.FirstTestNGTestTest -->
