<?xml version="1.0" encoding="UTF-8"?>
<!-- Generated by org.testng.reporters.JUnitReportReporter -->
<testsuite hostname="WKWZTmXt4QWTjFj" failures="0" tests="5" name="day5.SeleniumGridDemoParallel" time="104.545" errors="0" timestamp="2022-11-24T11:55:45 IST" skipped="0">
  <testcase classname="day5.SeleniumGridDemoParallel" name="test13" time="19.065"/>
  <system-out/>
  <testcase classname="day5.SeleniumGridDemoParallel" name="test13" time="16.743"/>
  <system-out/>
  <testcase classname="day5.SeleniumGridDemoParallel" name="test13" time="16.949"/>
  <system-out/>
  <testcase classname="day5.SeleniumGridDemoParallel" name="test13" time="30.021"/>
  <system-out/>
  <testcase classname="day5.SeleniumGridDemoParallel" name="test13" time="21.767"/>
  <system-out/>
</testsuite> <!-- day5.SeleniumGridDemoParallel -->
