<?xml version="1.0" encoding="UTF-8"?>
<!-- Generated by org.testng.reporters.JUnitReportReporter -->
<testsuite hostname="WKWZTmXt4QWTjFj" failures="0" tests="7" name="testNGPractice.SmokeTestTest" time="31.874" errors="0" timestamp="2022-11-24T09:02:05 IST" skipped="1">
  <testcase classname="testNGPractice.SmokeTestTest" name="BlankPassword" time="5.558"/>
  <system-out/>
  <testcase classname="testNGPractice.SmokeTestTest" name="ValidCredentials" time="7.843"/>
  <system-out/>
  <testcase classname="testNGPractice.SmokeTestTest" name="verifyURL" time="4.150"/>
  <system-out/>
  <testcase classname="testNGPractice.SmokeTestTest" name="InavlidCredentials" time="6.734"/>
  <system-out/>
  <testcase classname="testNGPractice.SmokeTestTest" name="verifyTitle" time="3.624"/>
  <system-out/>
  <testcase classname="testNGPractice.SmokeTestTest" name="BlankLogin" time="3.965"/>
  <system-out/>
  <testcase classname="testNGPractice.SmokeTestTest" name="verifySocialMediaAccount">
    <skipped/>
  </testcase> <!-- verifySocialMediaAccount -->
  <system-out/>
</testsuite> <!-- testNGPractice.SmokeTestTest -->
