<?xml version="1.0" encoding="UTF-8"?>
<!-- Generated by org.testng.reporters.JUnitReportReporter -->
<testsuite hostname="WKWZTmXt4QWTjFj" failures="0" tests="4" name="testNGPractice.AssertionDemoTest" time="0.003" errors="0" timestamp="2022-11-24T09:02:05 IST" skipped="0">
  <testcase classname="testNGPractice.AssertionDemoTest" name="test2" time="0.001"/>
  <system-out/>
  <testcase classname="testNGPractice.AssertionDemoTest" name="test1" time="0.000"/>
  <system-out/>
  <testcase classname="testNGPractice.AssertionDemoTest" name="test3" time="0.000"/>
  <system-out/>
  <testcase classname="testNGPractice.AssertionDemoTest" name="test4" time="0.002"/>
  <system-out/>
</testsuite> <!-- testNGPractice.AssertionDemoTest -->
