<?xml version="1.0" encoding="UTF-8"?>
<!-- Generated by org.testng.reporters.JUnitReportReporter -->
<testsuite hostname="WKWZTmXt4QWTjFj" failures="0" tests="4" name="testNGPractice.FirstTestNGTestTest" time="0.002" errors="0" timestamp="2022-11-24T09:02:05 IST" skipped="0">
  <testcase classname="testNGPractice.FirstTestNGTestTest" name="createAccount" time="0.002"/>
  <system-out/>
  <testcase classname="testNGPractice.FirstTestNGTestTest" name="deleteAccount" time="0.000"/>
  <system-out/>
  <testcase classname="testNGPractice.FirstTestNGTestTest" name="logout" time="0.000"/>
  <system-out/>
  <testcase classname="testNGPractice.FirstTestNGTestTest" name="login" time="0.000"/>
  <system-out/>
</testsuite> <!-- testNGPractice.FirstTestNGTestTest -->
