<?xml version="1.0" encoding="UTF-8"?>
<!-- Generated by org.testng.reporters.JUnitReportReporter -->
<testsuite hostname="WKWZTmXt4QWTjFj" failures="0" tests="1" name="testNGPractice.MyFirstSeleniumScript4Test" time="6.402" errors="0" timestamp="2022-11-24T09:02:05 IST" skipped="0">
  <testcase classname="testNGPractice.MyFirstSeleniumScript4Test" name="test4" time="6.402"/>
  <system-out/>
</testsuite> <!-- testNGPractice.MyFirstSeleniumScript4Test -->
